<?xml version="1.0" encoding="UTF-8"?>
<!-- Generated by org.testng.reporters.JUnitReportReporter -->
<testsuite hostname="LAPTOP-3NNFBKDT" failures="0" tests="2" name="Academy.HomePage" time="51.825" errors="0" timestamp="2022-03-16T10:49:24 IST" skipped="0">
  <testcase classname="Academy.HomePage" name="basePageNavigation" time="34.831"/>
  <system-out/>
  <testcase classname="Academy.HomePage" name="basePageNavigation" time="16.994"/>
  <system-out/>
</testsuite> <!-- Academy.HomePage -->
